2013-03-23 19:58:35,329 - [INFO] - from play in main 
Listening for HTTP on /0.0.0.0:9000

2013-03-23 19:59:12,036 - [INFO] - from play in New I/O  worker #1 
database [default] connected at jdbc:h2:mem:play-mybatis

2013-03-23 19:59:12,103 - [ERROR] - from application in New I/O  worker #1 


! @6dlef0af2 - Internal server error, for (GET) [/] ->

play.api.db.evolutions.InvalidDatabaseRevision: Database 'default' needs evolution![An SQL script need to be run on your database.]
	at play.api.db.evolutions.EvolutionsPlugin$$anonfun$onStart$1$$anonfun$apply$1.apply$mcV$sp(Evolutions.scala:457) ~[play-jdbc_2.10.jar:2.1.0]
	at play.api.db.evolutions.EvolutionsPlugin.withLock(Evolutions.scala:478) ~[play-jdbc_2.10.jar:2.1.0]
	at play.api.db.evolutions.EvolutionsPlugin$$anonfun$onStart$1.apply(Evolutions.scala:434) ~[play-jdbc_2.10.jar:2.1.0]
	at play.api.db.evolutions.EvolutionsPlugin$$anonfun$onStart$1.apply(Evolutions.scala:432) ~[play-jdbc_2.10.jar:2.1.0]
	at scala.collection.immutable.List.foreach(List.scala:309) ~[scala-library.jar:na]
	at play.api.db.evolutions.EvolutionsPlugin.onStart(Evolutions.scala:432) ~[play-jdbc_2.10.jar:2.1.0]
	at play.api.Play$$anonfun$start$1$$anonfun$apply$mcV$sp$1.apply(Play.scala:63) ~[play_2.10.jar:2.1.0]
	at play.api.Play$$anonfun$start$1$$anonfun$apply$mcV$sp$1.apply(Play.scala:63) ~[play_2.10.jar:2.1.0]
	at scala.collection.immutable.List.foreach(List.scala:309) ~[scala-library.jar:na]
	at play.api.Play$$anonfun$start$1.apply$mcV$sp(Play.scala:63) ~[play_2.10.jar:2.1.0]
	at play.api.Play$$anonfun$start$1.apply(Play.scala:63) ~[play_2.10.jar:2.1.0]
	at play.api.Play$$anonfun$start$1.apply(Play.scala:63) ~[play_2.10.jar:2.1.0]
	at play.utils.Threads$.withContextClassLoader(Threads.scala:18) ~[play_2.10.jar:2.1.0]
	at play.api.Play$.start(Play.scala:62) ~[play_2.10.jar:2.1.0]
	at play.core.ReloadableApplication$$anonfun$get$1$$anonfun$1.apply(ApplicationProvider.scala:133) ~[play_2.10.jar:2.1.0]
	at play.core.ReloadableApplication$$anonfun$get$1$$anonfun$1.apply(ApplicationProvider.scala:106) ~[play_2.10.jar:2.1.0]
	at scala.Option.map(Option.scala:145) ~[scala-library.jar:na]
	at play.core.ReloadableApplication$$anonfun$get$1.apply(ApplicationProvider.scala:106) ~[play_2.10.jar:2.1.0]
	at play.core.ReloadableApplication$$anonfun$get$1.apply(ApplicationProvider.scala:104) ~[play_2.10.jar:2.1.0]
	at scala.util.Either$RightProjection.flatMap(Either.scala:523) [scala-library.jar:na]
	at play.core.ReloadableApplication.get(ApplicationProvider.scala:104) ~[play_2.10.jar:2.1.0]
	at play.core.server.Server$class.sendHandler$1(Server.scala:56) [play_2.10.jar:2.1.0]
	at play.core.server.Server$$anonfun$getHandlerFor$4.apply(Server.scala:88) [play_2.10.jar:2.1.0]
	at play.core.server.Server$$anonfun$getHandlerFor$4.apply(Server.scala:87) [play_2.10.jar:2.1.0]
	at scala.util.Either$RightProjection.flatMap(Either.scala:523) [scala-library.jar:na]
	at play.core.server.Server$class.getHandlerFor(Server.scala:87) [play_2.10.jar:2.1.0]
	at play.core.server.NettyServer.getHandlerFor(NettyServer.scala:34) [play_2.10.jar:2.1.0]
	at play.core.server.netty.PlayDefaultUpstreamHandler.messageReceived(PlayDefaultUpstreamHandler.scala:103) [play_2.10.jar:2.1.0]
	at org.jboss.netty.channel.SimpleChannelUpstreamHandler.handleUpstream(SimpleChannelUpstreamHandler.java:75) [netty.jar:na]
	at org.jboss.netty.channel.DefaultChannelPipeline.sendUpstream(DefaultChannelPipeline.java:565) [netty.jar:na]
	at org.jboss.netty.channel.DefaultChannelPipeline$DefaultChannelHandlerContext.sendUpstream(DefaultChannelPipeline.java:793) [netty.jar:na]
	at org.jboss.netty.handler.codec.http.HttpContentDecoder.messageReceived(HttpContentDecoder.java:104) [netty.jar:na]
	at org.jboss.netty.channel.SimpleChannelUpstreamHandler.handleUpstream(SimpleChannelUpstreamHandler.java:75) [netty.jar:na]
	at org.jboss.netty.channel.DefaultChannelPipeline.sendUpstream(DefaultChannelPipeline.java:565) [netty.jar:na]
	at org.jboss.netty.channel.DefaultChannelPipeline$DefaultChannelHandlerContext.sendUpstream(DefaultChannelPipeline.java:793) [netty.jar:na]
	at org.jboss.netty.channel.Channels.fireMessageReceived(Channels.java:296) [netty.jar:na]
	at org.jboss.netty.handler.codec.frame.FrameDecoder.unfoldAndFireMessageReceived(FrameDecoder.java:455) [netty.jar:na]
	at org.jboss.netty.handler.codec.replay.ReplayingDecoder.callDecode(ReplayingDecoder.java:538) [netty.jar:na]
	at org.jboss.netty.handler.codec.replay.ReplayingDecoder.messageReceived(ReplayingDecoder.java:487) [netty.jar:na]
	at org.jboss.netty.channel.SimpleChannelUpstreamHandler.handleUpstream(SimpleChannelUpstreamHandler.java:75) [netty.jar:na]
	at org.jboss.netty.channel.DefaultChannelPipeline.sendUpstream(DefaultChannelPipeline.java:565) [netty.jar:na]
	at org.jboss.netty.channel.DefaultChannelPipeline.sendUpstream(DefaultChannelPipeline.java:560) [netty.jar:na]
	at org.jboss.netty.channel.Channels.fireMessageReceived(Channels.java:268) [netty.jar:na]
	at org.jboss.netty.channel.Channels.fireMessageReceived(Channels.java:255) [netty.jar:na]
	at org.jboss.netty.channel.socket.nio.NioWorker.read(NioWorker.java:84) [netty.jar:na]
	at org.jboss.netty.channel.socket.nio.AbstractNioWorker.processSelectedKeys(AbstractNioWorker.java:472) [netty.jar:na]
	at org.jboss.netty.channel.socket.nio.AbstractNioWorker.run(AbstractNioWorker.java:333) [netty.jar:na]
	at org.jboss.netty.channel.socket.nio.NioWorker.run(NioWorker.java:35) [netty.jar:na]
	at org.jboss.netty.util.ThreadRenamingRunnable.run(ThreadRenamingRunnable.java:102) [netty.jar:na]
	at org.jboss.netty.util.internal.DeadLockProofWorker$1.run(DeadLockProofWorker.java:42) [netty.jar:na]
	at java.util.concurrent.ThreadPoolExecutor$Worker.runTask(ThreadPoolExecutor.java:895) [na:1.6.0_43]
	at java.util.concurrent.ThreadPoolExecutor$Worker.run(ThreadPoolExecutor.java:918) [na:1.6.0_43]
	at java.lang.Thread.run(Thread.java:680) [na:1.6.0_43]

2013-03-23 19:59:15,357 - [INFO] - from application in New I/O  worker #1 
Application shutdown...

2013-03-23 19:59:15,552 - [INFO] - from play in New I/O  worker #1 
database [default] connected at jdbc:h2:mem:play-mybatis

2013-03-23 19:59:15,568 - [INFO] - from application in New I/O  worker #1 
Application has started

2013-03-23 19:59:15,779 - [INFO] - from play in New I/O  worker #1 
Starting application default Akka system.

2013-03-23 19:59:15,801 - [INFO] - from play in New I/O  worker #1 
Application started (Dev)

2013-03-23 19:59:16,019 - [DEBUG] - from application in application-akka.actor.default-dispatcher-6 
conditions jobName : JobB, status : 0

2013-03-23 19:59:16,021 - [INFO] - from application in application-akka.actor.default-dispatcher-6 
JobA is not executable. 

2013-03-23 19:59:20,008 - [DEBUG] - from application in application-akka.actor.default-dispatcher-6 
conditions jobName : JobB, status : 0

2013-03-23 19:59:20,009 - [INFO] - from application in application-akka.actor.default-dispatcher-6 
JobA is not executable. 

2013-03-23 19:59:23,150 - [INFO] - from application in play-akka.actor.default-dispatcher-3 
start !

2013-03-23 19:59:23,182 - [DEBUG] - from application in application-akka.actor.default-dispatcher-6 
job :JobC starts !

2013-03-23 19:59:23,189 - [INFO] - from application in application-akka.actor.default-dispatcher-6 
com.domain.Cjob starts.

2013-03-23 19:59:24,544 - [INFO] - from application in play-akka.actor.default-dispatcher-3 
start !

2013-03-23 19:59:24,590 - [DEBUG] - from application in application-akka.actor.default-dispatcher-5 
job :JobD starts !

2013-03-23 19:59:24,592 - [INFO] - from application in application-akka.actor.default-dispatcher-5 
com.domain.Djob starts.

2013-03-23 19:59:25,007 - [DEBUG] - from application in application-akka.actor.default-dispatcher-2 
conditions jobName : JobB, status : 0

2013-03-23 19:59:25,008 - [INFO] - from application in application-akka.actor.default-dispatcher-2 
JobA is not executable. 

2013-03-23 19:59:25,616 - [INFO] - from application in play-akka.actor.default-dispatcher-3 
start !

2013-03-23 19:59:25,681 - [DEBUG] - from application in application-akka.actor.default-dispatcher-2 
job :JobB starts !

2013-03-23 19:59:25,683 - [INFO] - from application in application-akka.actor.default-dispatcher-2 
com.domain.Bjob starts.

2013-03-23 19:59:26,808 - [INFO] - from application in play-akka.actor.default-dispatcher-3 
start !

2013-03-23 19:59:26,882 - [DEBUG] - from application in application-akka.actor.default-dispatcher-4 
conditions jobName : JobB, status : 1

2013-03-23 19:59:26,882 - [INFO] - from application in application-akka.actor.default-dispatcher-4 
JobA is not executable. 

2013-03-23 19:59:30,006 - [DEBUG] - from application in application-akka.actor.default-dispatcher-4 
conditions jobName : JobB, status : 1

2013-03-23 19:59:30,007 - [INFO] - from application in application-akka.actor.default-dispatcher-4 
JobA is not executable. 

2013-03-23 19:59:30,185 - [INFO] - from application in play-akka.actor.default-dispatcher-4 
start !

2013-03-23 19:59:30,283 - [DEBUG] - from application in application-akka.actor.default-dispatcher-11 
conditions jobName : JobB, status : 1

2013-03-23 19:59:30,283 - [INFO] - from application in application-akka.actor.default-dispatcher-11 
JobA is not executable. 

2013-03-23 19:59:33,191 - [INFO] - from application in application-akka.actor.default-dispatcher-6 
com.domain.Cjob ends.

2013-03-23 19:59:33,194 - [DEBUG] - from application in application-akka.actor.default-dispatcher-6 
job :JobC ends !

2013-03-23 19:59:33,203 - [DEBUG] - from application in application-akka.actor.default-dispatcher-6 
reset status.

2013-03-23 19:59:33,204 - [DEBUG] - from application in application-akka.actor.default-dispatcher-6 
executeReset ends.

2013-03-23 19:59:34,593 - [INFO] - from application in application-akka.actor.default-dispatcher-5 
com.domain.Djob ends.

2013-03-23 19:59:34,595 - [DEBUG] - from application in application-akka.actor.default-dispatcher-5 
job :JobD ends !

2013-03-23 19:59:34,597 - [DEBUG] - from application in application-akka.actor.default-dispatcher-5 
reset status.

2013-03-23 19:59:34,597 - [DEBUG] - from application in application-akka.actor.default-dispatcher-5 
executeReset ends.

2013-03-23 19:59:35,007 - [DEBUG] - from application in application-akka.actor.default-dispatcher-5 
conditions jobName : JobB, status : 1

2013-03-23 19:59:35,008 - [INFO] - from application in application-akka.actor.default-dispatcher-5 
JobA is not executable. 

2013-03-23 19:59:35,684 - [INFO] - from application in application-akka.actor.default-dispatcher-2 
com.domain.Bjob ends.

2013-03-23 19:59:35,685 - [DEBUG] - from application in application-akka.actor.default-dispatcher-2 
job :JobB ends !

2013-03-23 19:59:35,686 - [DEBUG] - from application in application-akka.actor.default-dispatcher-2 
executeReset ends.

2013-03-23 19:59:37,976 - [INFO] - from application in main 
Application shutdown...

2013-03-23 19:59:37,977 - [INFO] - from play in main 
Shutdown application default Akka system.

